Lab5-AsyncTaskLab/app/build/intermediates/manifest_merge_blame_file/debug/manifest-merger-blame-debug-report.txt
1<?xml version="1.0" encoding="utf-8"?>
2<manifest xmlns:android="http://schemas.android.com/apk/res/android"
3    package="course.labs.asynctasklab"
4    android:versionCode="1"
5    android:versionName="1.0" >
6
7    <uses-sdk
7-->src\main\AndroidManifest.xml:7:5-9:41
8        android:minSdkVersion="21"
8-->src\main\AndroidManifest.xml:8:9-35
9        android:targetSdkVersion="29" />
9-->src\main\AndroidManifest.xml:9:9-38
10
11    <!--
12    <uses-permission android:name="android.permission.INTERNET" />
13    <uses-permission android:name="android.permission.READ_LOGS" />
14    -->
15    <application
15-->src\main\AndroidManifest.xml:16:5-30:19
16        android:allowBackup="true"
16-->src\main\AndroidManifest.xml:17:9-35
17        android:debuggable="true"
18        android:icon="@drawable/ic_launcher"
18-->src\main\AndroidManifest.xml:18:9-45
19        android:label="@string/app_name"
19-->src\main\AndroidManifest.xml:19:9-41
20        android:testOnly="true"
21        android:theme="@style/AppTheme" >
21-->src\main\AndroidManifest.xml:20:9-40
22        <activity
22-->src\main\AndroidManifest.xml:21:9-29:20
23            android:name="course.labs.asynctasklab.MainActivity"
23-->src\main\AndroidManifest.xml:22:13-65
24            android:label="@string/app_name" >
24-->src\main\AndroidManifest.xml:23:13-45
25            <intent-filter>
25-->src\main\AndroidManifest.xml:24:13-28:29
26                <action android:name="android.intent.action.MAIN" />
26-->src\main\AndroidManifest.xml:25:17-69
26-->src\main\AndroidManifest.xml:25:25-66
27
28                <category android:name="android.intent.category.LAUNCHER" />
28-->src\main\AndroidManifest.xml:27:17-77
28-->src\main\AndroidManifest.xml:27:27-74
29            </intent-filter>
30        </activity>
31    </application>
32
33</manifest>